[debug] [2024-06-20T01:56:28.293Z] ----------------------------------------------------------------------
[debug] [2024-06-20T01:56:28.295Z] Command:       C:\Program Files\nodejs\node.exe C:\Users\Admin\AppData\Roaming\npm\node_modules\firebase-tools\lib\bin\firebase.js init
[debug] [2024-06-20T01:56:28.296Z] CLI Version:   13.11.2
[debug] [2024-06-20T01:56:28.296Z] Platform:      win32
[debug] [2024-06-20T01:56:28.297Z] Node Version:  v18.17.0
[debug] [2024-06-20T01:56:28.298Z] Time:          Thu Jun 20 2024 08:56:28 GMT+0700 (Indochina Time)
[debug] [2024-06-20T01:56:28.298Z] ----------------------------------------------------------------------
[debug] 
[debug] [2024-06-20T01:56:28.398Z] > command requires scopes: ["email","openid","https://www.googleapis.com/auth/cloudplatformprojects.readonly","https://www.googleapis.com/auth/firebase","https://www.googleapis.com/auth/cloud-platform"]
[debug] [2024-06-20T01:56:28.398Z] > authorizing via signed-in user (tranducviet30122001@gmail.com)
[info] 
     ######## #### ########  ######## ########     ###     ######  ########
     ##        ##  ##     ## ##       ##     ##  ##   ##  ##       ##
     ######    ##  ########  ######   ########  #########  ######  ######
     ##        ##  ##    ##  ##       ##     ## ##     ##       ## ##
     ##       #### ##     ## ######## ########  ##     ##  ######  ########

You're about to initialize a Firebase project in this directory:

  D:\DATN\frontend\datn-frontend

Before we get started, keep in mind:

  * You are initializing within an existing Firebase project directory

